2018-04-04 17:27:12.195 - INFO 12984 --- [       restartedMain] com.travle.dreamsky.DreamskyApplication     59 : Started DreamskyApplication in 7.927 seconds (JVM running for 9.685)
2018-04-04 17:28:55.242 - INFO 12984 --- [http-nio-8080-exec-1] com.travle.dreamsky.web.UserController      37 : 请求入参：{'userId':'1001','userName':'hello','password':'123','phone':'15596828363'}
2018-04-04 17:28:56.388 - INFO 12984 --- [http-nio-8080-exec-2] com.travle.dreamsky.web.UserController      37 : 请求入参：{'userId':'1001','userName':'hello','password':'123','phone':'15596828363'}
2018-04-04 17:52:44.871 - INFO 13412 --- [       restartedMain] com.travle.dreamsky.DreamskyApplication     50 : Starting DreamskyApplication on wujianqiang with PID 13412 (E:\java\springboot\dreamSky\target\classes started by Administrator in E:\java\springboot\dreamSky)
2018-04-04 17:52:44.871 - INFO 13412 --- [       restartedMain] com.travle.dreamsky.DreamskyApplication    652 : No active profile set, falling back to default profiles: default
2018-04-04 17:52:51.651 - INFO 13412 --- [       restartedMain] com.travle.dreamsky.DreamskyApplication     59 : Started DreamskyApplication in 7.827 seconds (JVM running for 9.387)
2018-04-04 17:52:57.402 - INFO 13412 --- [http-nio-8080-exec-1] com.travle.dreamsky.aop.LogAspect           40 : URL : http://localhost:8080/user/register
2018-04-04 17:52:57.402 - INFO 13412 --- [http-nio-8080-exec-1] com.travle.dreamsky.aop.LogAspect           41 : 请求类型 : POST
2018-04-04 17:52:57.402 - INFO 13412 --- [http-nio-8080-exec-1] com.travle.dreamsky.aop.LogAspect           42 : 请求IP : 0:0:0:0:0:0:0:1
2018-04-04 17:52:57.402 - INFO 13412 --- [http-nio-8080-exec-1] com.travle.dreamsky.aop.LogAspect           43 : 方法 : com.travle.dreamsky.web.UserController.register
2018-04-04 17:52:57.402 - INFO 13412 --- [http-nio-8080-exec-1] com.travle.dreamsky.aop.LogAspect           44 : 参数列表 : [{'userId':'1001','userName':'hello','password':'123','phone':'15596828363'}]
2018-04-04 17:52:57.402 - INFO 13412 --- [http-nio-8080-exec-1] com.travle.dreamsky.web.UserController      37 : 请求入参：{'userId':'1001','userName':'hello','password':'123','phone':'15596828363'}
2018-04-04 17:52:57.463 - INFO 13412 --- [http-nio-8080-exec-1] com.travle.dreamsky.aop.LogAspect           50 : 返回参数 : UserInfo:[
userId:1001,
userName:hello,
password:123,
birthday:null,
sex:null,
phone:15596828363,
address:null]
2018-04-04 17:52:58.666 - INFO 13412 --- [http-nio-8080-exec-2] com.travle.dreamsky.aop.LogAspect           40 : URL : http://localhost:8080/user/register
2018-04-04 17:52:58.667 - INFO 13412 --- [http-nio-8080-exec-2] com.travle.dreamsky.aop.LogAspect           41 : 请求类型 : POST
2018-04-04 17:52:58.667 - INFO 13412 --- [http-nio-8080-exec-2] com.travle.dreamsky.aop.LogAspect           42 : 请求IP : 0:0:0:0:0:0:0:1
2018-04-04 17:52:58.668 - INFO 13412 --- [http-nio-8080-exec-2] com.travle.dreamsky.aop.LogAspect           43 : 方法 : com.travle.dreamsky.web.UserController.register
2018-04-04 17:52:58.668 - INFO 13412 --- [http-nio-8080-exec-2] com.travle.dreamsky.aop.LogAspect           44 : 参数列表 : [{'userId':'1001','userName':'hello','password':'123','phone':'15596828363'}]
2018-04-04 17:52:58.668 - INFO 13412 --- [http-nio-8080-exec-2] com.travle.dreamsky.web.UserController      37 : 请求入参：{'userId':'1001','userName':'hello','password':'123','phone':'15596828363'}
2018-04-04 17:52:58.669 - INFO 13412 --- [http-nio-8080-exec-2] com.travle.dreamsky.aop.LogAspect           50 : 返回参数 : UserInfo:[
userId:1001,
userName:hello,
password:123,
birthday:null,
sex:null,
phone:15596828363,
address:null]
2018-04-04 17:52:59.277 - INFO 13412 --- [http-nio-8080-exec-3] com.travle.dreamsky.aop.LogAspect           40 : URL : http://localhost:8080/user/register
2018-04-04 17:52:59.278 - INFO 13412 --- [http-nio-8080-exec-3] com.travle.dreamsky.aop.LogAspect           41 : 请求类型 : POST
2018-04-04 17:52:59.278 - INFO 13412 --- [http-nio-8080-exec-3] com.travle.dreamsky.aop.LogAspect           42 : 请求IP : 0:0:0:0:0:0:0:1
2018-04-04 17:52:59.279 - INFO 13412 --- [http-nio-8080-exec-3] com.travle.dreamsky.aop.LogAspect           43 : 方法 : com.travle.dreamsky.web.UserController.register
2018-04-04 17:52:59.279 - INFO 13412 --- [http-nio-8080-exec-3] com.travle.dreamsky.aop.LogAspect           44 : 参数列表 : [{'userId':'1001','userName':'hello','password':'123','phone':'15596828363'}]
2018-04-04 17:52:59.279 - INFO 13412 --- [http-nio-8080-exec-3] com.travle.dreamsky.web.UserController      37 : 请求入参：{'userId':'1001','userName':'hello','password':'123','phone':'15596828363'}
2018-04-04 17:52:59.280 - INFO 13412 --- [http-nio-8080-exec-3] com.travle.dreamsky.aop.LogAspect           50 : 返回参数 : UserInfo:[
userId:1001,
userName:hello,
password:123,
birthday:null,
sex:null,
phone:15596828363,
address:null]
2018-04-04 17:52:59.730 - INFO 13412 --- [http-nio-8080-exec-4] com.travle.dreamsky.aop.LogAspect           40 : URL : http://localhost:8080/user/register
2018-04-04 17:52:59.731 - INFO 13412 --- [http-nio-8080-exec-4] com.travle.dreamsky.aop.LogAspect           41 : 请求类型 : POST
2018-04-04 17:52:59.731 - INFO 13412 --- [http-nio-8080-exec-4] com.travle.dreamsky.aop.LogAspect           42 : 请求IP : 0:0:0:0:0:0:0:1
2018-04-04 17:52:59.731 - INFO 13412 --- [http-nio-8080-exec-4] com.travle.dreamsky.aop.LogAspect           43 : 方法 : com.travle.dreamsky.web.UserController.register
2018-04-04 17:52:59.732 - INFO 13412 --- [http-nio-8080-exec-4] com.travle.dreamsky.aop.LogAspect           44 : 参数列表 : [{'userId':'1001','userName':'hello','password':'123','phone':'15596828363'}]
2018-04-04 17:52:59.732 - INFO 13412 --- [http-nio-8080-exec-4] com.travle.dreamsky.web.UserController      37 : 请求入参：{'userId':'1001','userName':'hello','password':'123','phone':'15596828363'}
2018-04-04 17:52:59.733 - INFO 13412 --- [http-nio-8080-exec-4] com.travle.dreamsky.aop.LogAspect           50 : 返回参数 : UserInfo:[
userId:1001,
userName:hello,
password:123,
birthday:null,
sex:null,
phone:15596828363,
address:null]
2018-04-04 17:53:00.048 - INFO 13412 --- [http-nio-8080-exec-5] com.travle.dreamsky.aop.LogAspect           40 : URL : http://localhost:8080/user/register
2018-04-04 17:53:00.048 - INFO 13412 --- [http-nio-8080-exec-5] com.travle.dreamsky.aop.LogAspect           41 : 请求类型 : POST
2018-04-04 17:53:00.049 - INFO 13412 --- [http-nio-8080-exec-5] com.travle.dreamsky.aop.LogAspect           42 : 请求IP : 0:0:0:0:0:0:0:1
2018-04-04 17:53:00.050 - INFO 13412 --- [http-nio-8080-exec-5] com.travle.dreamsky.aop.LogAspect           43 : 方法 : com.travle.dreamsky.web.UserController.register
2018-04-04 17:53:00.051 - INFO 13412 --- [http-nio-8080-exec-5] com.travle.dreamsky.aop.LogAspect           44 : 参数列表 : [{'userId':'1001','userName':'hello','password':'123','phone':'15596828363'}]
2018-04-04 17:53:00.052 - INFO 13412 --- [http-nio-8080-exec-5] com.travle.dreamsky.web.UserController      37 : 请求入参：{'userId':'1001','userName':'hello','password':'123','phone':'15596828363'}
2018-04-04 17:53:00.052 - INFO 13412 --- [http-nio-8080-exec-5] com.travle.dreamsky.aop.LogAspect           50 : 返回参数 : UserInfo:[
userId:1001,
userName:hello,
password:123,
birthday:null,
sex:null,
phone:15596828363,
address:null]
2018-04-04 17:53:00.293 - INFO 13412 --- [http-nio-8080-exec-6] com.travle.dreamsky.aop.LogAspect           40 : URL : http://localhost:8080/user/register
2018-04-04 17:53:00.293 - INFO 13412 --- [http-nio-8080-exec-6] com.travle.dreamsky.aop.LogAspect           41 : 请求类型 : POST
2018-04-04 17:53:00.294 - INFO 13412 --- [http-nio-8080-exec-6] com.travle.dreamsky.aop.LogAspect           42 : 请求IP : 0:0:0:0:0:0:0:1
2018-04-04 17:53:00.294 - INFO 13412 --- [http-nio-8080-exec-6] com.travle.dreamsky.aop.LogAspect           43 : 方法 : com.travle.dreamsky.web.UserController.register
2018-04-04 17:53:00.294 - INFO 13412 --- [http-nio-8080-exec-6] com.travle.dreamsky.aop.LogAspect           44 : 参数列表 : [{'userId':'1001','userName':'hello','password':'123','phone':'15596828363'}]
2018-04-04 17:53:00.295 - INFO 13412 --- [http-nio-8080-exec-6] com.travle.dreamsky.web.UserController      37 : 请求入参：{'userId':'1001','userName':'hello','password':'123','phone':'15596828363'}
2018-04-04 17:53:00.295 - INFO 13412 --- [http-nio-8080-exec-6] com.travle.dreamsky.aop.LogAspect           50 : 返回参数 : UserInfo:[
userId:1001,
userName:hello,
password:123,
birthday:null,
sex:null,
phone:15596828363,
address:null]
2018-04-04 17:53:00.505 - INFO 13412 --- [http-nio-8080-exec-7] com.travle.dreamsky.aop.LogAspect           40 : URL : http://localhost:8080/user/register
2018-04-04 17:53:00.506 - INFO 13412 --- [http-nio-8080-exec-7] com.travle.dreamsky.aop.LogAspect           41 : 请求类型 : POST
2018-04-04 17:53:00.506 - INFO 13412 --- [http-nio-8080-exec-7] com.travle.dreamsky.aop.LogAspect           42 : 请求IP : 0:0:0:0:0:0:0:1
2018-04-04 17:53:00.507 - INFO 13412 --- [http-nio-8080-exec-7] com.travle.dreamsky.aop.LogAspect           43 : 方法 : com.travle.dreamsky.web.UserController.register
2018-04-04 17:53:00.507 - INFO 13412 --- [http-nio-8080-exec-7] com.travle.dreamsky.aop.LogAspect           44 : 参数列表 : [{'userId':'1001','userName':'hello','password':'123','phone':'15596828363'}]
2018-04-04 17:53:00.507 - INFO 13412 --- [http-nio-8080-exec-7] com.travle.dreamsky.web.UserController      37 : 请求入参：{'userId':'1001','userName':'hello','password':'123','phone':'15596828363'}
2018-04-04 17:53:00.507 - INFO 13412 --- [http-nio-8080-exec-7] com.travle.dreamsky.aop.LogAspect           50 : 返回参数 : UserInfo:[
userId:1001,
userName:hello,
password:123,
birthday:null,
sex:null,
phone:15596828363,
address:null]
2018-04-04 17:53:00.701 - INFO 13412 --- [http-nio-8080-exec-8] com.travle.dreamsky.aop.LogAspect           40 : URL : http://localhost:8080/user/register
2018-04-04 17:53:00.701 - INFO 13412 --- [http-nio-8080-exec-8] com.travle.dreamsky.aop.LogAspect           41 : 请求类型 : POST
2018-04-04 17:53:00.702 - INFO 13412 --- [http-nio-8080-exec-8] com.travle.dreamsky.aop.LogAspect           42 : 请求IP : 0:0:0:0:0:0:0:1
2018-04-04 17:53:00.702 - INFO 13412 --- [http-nio-8080-exec-8] com.travle.dreamsky.aop.LogAspect           43 : 方法 : com.travle.dreamsky.web.UserController.register
2018-04-04 17:53:00.703 - INFO 13412 --- [http-nio-8080-exec-8] com.travle.dreamsky.aop.LogAspect           44 : 参数列表 : [{'userId':'1001','userName':'hello','password':'123','phone':'15596828363'}]
2018-04-04 17:53:00.703 - INFO 13412 --- [http-nio-8080-exec-8] com.travle.dreamsky.web.UserController      37 : 请求入参：{'userId':'1001','userName':'hello','password':'123','phone':'15596828363'}
2018-04-04 17:53:00.704 - INFO 13412 --- [http-nio-8080-exec-8] com.travle.dreamsky.aop.LogAspect           50 : 返回参数 : UserInfo:[
userId:1001,
userName:hello,
password:123,
birthday:null,
sex:null,
phone:15596828363,
address:null]
2018-04-04 17:53:00.890 - INFO 13412 --- [http-nio-8080-exec-9] com.travle.dreamsky.aop.LogAspect           40 : URL : http://localhost:8080/user/register
2018-04-04 17:53:00.890 - INFO 13412 --- [http-nio-8080-exec-9] com.travle.dreamsky.aop.LogAspect           41 : 请求类型 : POST
2018-04-04 17:53:00.890 - INFO 13412 --- [http-nio-8080-exec-9] com.travle.dreamsky.aop.LogAspect           42 : 请求IP : 0:0:0:0:0:0:0:1
2018-04-04 17:53:00.891 - INFO 13412 --- [http-nio-8080-exec-9] com.travle.dreamsky.aop.LogAspect           43 : 方法 : com.travle.dreamsky.web.UserController.register
2018-04-04 17:53:00.891 - INFO 13412 --- [http-nio-8080-exec-9] com.travle.dreamsky.aop.LogAspect           44 : 参数列表 : [{'userId':'1001','userName':'hello','password':'123','phone':'15596828363'}]
2018-04-04 17:53:00.892 - INFO 13412 --- [http-nio-8080-exec-9] com.travle.dreamsky.web.UserController      37 : 请求入参：{'userId':'1001','userName':'hello','password':'123','phone':'15596828363'}
2018-04-04 17:53:00.892 - INFO 13412 --- [http-nio-8080-exec-9] com.travle.dreamsky.aop.LogAspect           50 : 返回参数 : UserInfo:[
userId:1001,
userName:hello,
password:123,
birthday:null,
sex:null,
phone:15596828363,
address:null]
2018-04-04 17:53:01.088 - INFO 13412 --- [ttp-nio-8080-exec-10] com.travle.dreamsky.aop.LogAspect           40 : URL : http://localhost:8080/user/register
2018-04-04 17:53:01.088 - INFO 13412 --- [ttp-nio-8080-exec-10] com.travle.dreamsky.aop.LogAspect           41 : 请求类型 : POST
2018-04-04 17:53:01.089 - INFO 13412 --- [ttp-nio-8080-exec-10] com.travle.dreamsky.aop.LogAspect           42 : 请求IP : 0:0:0:0:0:0:0:1
2018-04-04 17:53:01.089 - INFO 13412 --- [ttp-nio-8080-exec-10] com.travle.dreamsky.aop.LogAspect           43 : 方法 : com.travle.dreamsky.web.UserController.register
2018-04-04 17:53:01.089 - INFO 13412 --- [ttp-nio-8080-exec-10] com.travle.dreamsky.aop.LogAspect           44 : 参数列表 : [{'userId':'1001','userName':'hello','password':'123','phone':'15596828363'}]
2018-04-04 17:53:01.089 - INFO 13412 --- [ttp-nio-8080-exec-10] com.travle.dreamsky.web.UserController      37 : 请求入参：{'userId':'1001','userName':'hello','password':'123','phone':'15596828363'}
2018-04-04 17:53:01.090 - INFO 13412 --- [ttp-nio-8080-exec-10] com.travle.dreamsky.aop.LogAspect           50 : 返回参数 : UserInfo:[
userId:1001,
userName:hello,
password:123,
birthday:null,
sex:null,
phone:15596828363,
address:null]
2018-04-04 17:53:01.300 - INFO 13412 --- [http-nio-8080-exec-1] com.travle.dreamsky.aop.LogAspect           40 : URL : http://localhost:8080/user/register
2018-04-04 17:53:01.300 - INFO 13412 --- [http-nio-8080-exec-1] com.travle.dreamsky.aop.LogAspect           41 : 请求类型 : POST
2018-04-04 17:53:01.301 - INFO 13412 --- [http-nio-8080-exec-1] com.travle.dreamsky.aop.LogAspect           42 : 请求IP : 0:0:0:0:0:0:0:1
2018-04-04 17:53:01.301 - INFO 13412 --- [http-nio-8080-exec-1] com.travle.dreamsky.aop.LogAspect           43 : 方法 : com.travle.dreamsky.web.UserController.register
2018-04-04 17:53:01.301 - INFO 13412 --- [http-nio-8080-exec-1] com.travle.dreamsky.aop.LogAspect           44 : 参数列表 : [{'userId':'1001','userName':'hello','password':'123','phone':'15596828363'}]
2018-04-04 17:53:01.302 - INFO 13412 --- [http-nio-8080-exec-1] com.travle.dreamsky.web.UserController      37 : 请求入参：{'userId':'1001','userName':'hello','password':'123','phone':'15596828363'}
2018-04-04 17:53:01.303 - INFO 13412 --- [http-nio-8080-exec-1] com.travle.dreamsky.aop.LogAspect           50 : 返回参数 : UserInfo:[
userId:1001,
userName:hello,
password:123,
birthday:null,
sex:null,
phone:15596828363,
address:null]
2018-04-04 17:53:01.459 - INFO 13412 --- [http-nio-8080-exec-2] com.travle.dreamsky.aop.LogAspect           40 : URL : http://localhost:8080/user/register
2018-04-04 17:53:01.460 - INFO 13412 --- [http-nio-8080-exec-2] com.travle.dreamsky.aop.LogAspect           41 : 请求类型 : POST
2018-04-04 17:53:01.460 - INFO 13412 --- [http-nio-8080-exec-2] com.travle.dreamsky.aop.LogAspect           42 : 请求IP : 0:0:0:0:0:0:0:1
2018-04-04 17:53:01.460 - INFO 13412 --- [http-nio-8080-exec-2] com.travle.dreamsky.aop.LogAspect           43 : 方法 : com.travle.dreamsky.web.UserController.register
2018-04-04 17:53:01.460 - INFO 13412 --- [http-nio-8080-exec-2] com.travle.dreamsky.aop.LogAspect           44 : 参数列表 : [{'userId':'1001','userName':'hello','password':'123','phone':'15596828363'}]
2018-04-04 17:53:01.461 - INFO 13412 --- [http-nio-8080-exec-2] com.travle.dreamsky.web.UserController      37 : 请求入参：{'userId':'1001','userName':'hello','password':'123','phone':'15596828363'}
2018-04-04 17:53:01.461 - INFO 13412 --- [http-nio-8080-exec-2] com.travle.dreamsky.aop.LogAspect           50 : 返回参数 : UserInfo:[
userId:1001,
userName:hello,
password:123,
birthday:null,
sex:null,
phone:15596828363,
address:null]
2018-04-04 17:53:01.627 - INFO 13412 --- [http-nio-8080-exec-3] com.travle.dreamsky.aop.LogAspect           40 : URL : http://localhost:8080/user/register
2018-04-04 17:53:01.627 - INFO 13412 --- [http-nio-8080-exec-3] com.travle.dreamsky.aop.LogAspect           41 : 请求类型 : POST
2018-04-04 17:53:01.628 - INFO 13412 --- [http-nio-8080-exec-3] com.travle.dreamsky.aop.LogAspect           42 : 请求IP : 0:0:0:0:0:0:0:1
2018-04-04 17:53:01.628 - INFO 13412 --- [http-nio-8080-exec-3] com.travle.dreamsky.aop.LogAspect           43 : 方法 : com.travle.dreamsky.web.UserController.register
2018-04-04 17:53:01.628 - INFO 13412 --- [http-nio-8080-exec-3] com.travle.dreamsky.aop.LogAspect           44 : 参数列表 : [{'userId':'1001','userName':'hello','password':'123','phone':'15596828363'}]
2018-04-04 17:53:01.629 - INFO 13412 --- [http-nio-8080-exec-3] com.travle.dreamsky.web.UserController      37 : 请求入参：{'userId':'1001','userName':'hello','password':'123','phone':'15596828363'}
2018-04-04 17:53:01.629 - INFO 13412 --- [http-nio-8080-exec-3] com.travle.dreamsky.aop.LogAspect           50 : 返回参数 : UserInfo:[
userId:1001,
userName:hello,
password:123,
birthday:null,
sex:null,
phone:15596828363,
address:null]
2018-04-04 17:53:01.814 - INFO 13412 --- [http-nio-8080-exec-4] com.travle.dreamsky.aop.LogAspect           40 : URL : http://localhost:8080/user/register
2018-04-04 17:53:01.814 - INFO 13412 --- [http-nio-8080-exec-4] com.travle.dreamsky.aop.LogAspect           41 : 请求类型 : POST
2018-04-04 17:53:01.815 - INFO 13412 --- [http-nio-8080-exec-4] com.travle.dreamsky.aop.LogAspect           42 : 请求IP : 0:0:0:0:0:0:0:1
2018-04-04 17:53:01.815 - INFO 13412 --- [http-nio-8080-exec-4] com.travle.dreamsky.aop.LogAspect           43 : 方法 : com.travle.dreamsky.web.UserController.register
2018-04-04 17:53:01.815 - INFO 13412 --- [http-nio-8080-exec-4] com.travle.dreamsky.aop.LogAspect           44 : 参数列表 : [{'userId':'1001','userName':'hello','password':'123','phone':'15596828363'}]
2018-04-04 17:53:01.816 - INFO 13412 --- [http-nio-8080-exec-4] com.travle.dreamsky.web.UserController      37 : 请求入参：{'userId':'1001','userName':'hello','password':'123','phone':'15596828363'}
2018-04-04 17:53:01.816 - INFO 13412 --- [http-nio-8080-exec-4] com.travle.dreamsky.aop.LogAspect           50 : 返回参数 : UserInfo:[
userId:1001,
userName:hello,
password:123,
birthday:null,
sex:null,
phone:15596828363,
address:null]
2018-04-04 17:53:02.011 - INFO 13412 --- [http-nio-8080-exec-5] com.travle.dreamsky.aop.LogAspect           40 : URL : http://localhost:8080/user/register
2018-04-04 17:53:02.012 - INFO 13412 --- [http-nio-8080-exec-5] com.travle.dreamsky.aop.LogAspect           41 : 请求类型 : POST
2018-04-04 17:53:02.012 - INFO 13412 --- [http-nio-8080-exec-5] com.travle.dreamsky.aop.LogAspect           42 : 请求IP : 0:0:0:0:0:0:0:1
2018-04-04 17:53:02.013 - INFO 13412 --- [http-nio-8080-exec-5] com.travle.dreamsky.aop.LogAspect           43 : 方法 : com.travle.dreamsky.web.UserController.register
2018-04-04 17:53:02.013 - INFO 13412 --- [http-nio-8080-exec-5] com.travle.dreamsky.aop.LogAspect           44 : 参数列表 : [{'userId':'1001','userName':'hello','password':'123','phone':'15596828363'}]
2018-04-04 17:53:02.014 - INFO 13412 --- [http-nio-8080-exec-5] com.travle.dreamsky.web.UserController      37 : 请求入参：{'userId':'1001','userName':'hello','password':'123','phone':'15596828363'}
2018-04-04 17:53:02.014 - INFO 13412 --- [http-nio-8080-exec-5] com.travle.dreamsky.aop.LogAspect           50 : 返回参数 : UserInfo:[
userId:1001,
userName:hello,
password:123,
birthday:null,
sex:null,
phone:15596828363,
address:null]
2018-04-04 17:53:02.199 - INFO 13412 --- [http-nio-8080-exec-6] com.travle.dreamsky.aop.LogAspect           40 : URL : http://localhost:8080/user/register
2018-04-04 17:53:02.200 - INFO 13412 --- [http-nio-8080-exec-6] com.travle.dreamsky.aop.LogAspect           41 : 请求类型 : POST
2018-04-04 17:53:02.200 - INFO 13412 --- [http-nio-8080-exec-6] com.travle.dreamsky.aop.LogAspect           42 : 请求IP : 0:0:0:0:0:0:0:1
2018-04-04 17:53:02.200 - INFO 13412 --- [http-nio-8080-exec-6] com.travle.dreamsky.aop.LogAspect           43 : 方法 : com.travle.dreamsky.web.UserController.register
2018-04-04 17:53:02.201 - INFO 13412 --- [http-nio-8080-exec-6] com.travle.dreamsky.aop.LogAspect           44 : 参数列表 : [{'userId':'1001','userName':'hello','password':'123','phone':'15596828363'}]
2018-04-04 17:53:02.201 - INFO 13412 --- [http-nio-8080-exec-6] com.travle.dreamsky.web.UserController      37 : 请求入参：{'userId':'1001','userName':'hello','password':'123','phone':'15596828363'}
2018-04-04 17:53:02.204 - INFO 13412 --- [http-nio-8080-exec-6] com.travle.dreamsky.aop.LogAspect           50 : 返回参数 : UserInfo:[
userId:1001,
userName:hello,
password:123,
birthday:null,
sex:null,
phone:15596828363,
address:null]
2018-04-04 17:53:02.394 - INFO 13412 --- [http-nio-8080-exec-7] com.travle.dreamsky.aop.LogAspect           40 : URL : http://localhost:8080/user/register
2018-04-04 17:53:02.395 - INFO 13412 --- [http-nio-8080-exec-7] com.travle.dreamsky.aop.LogAspect           41 : 请求类型 : POST
2018-04-04 17:53:02.395 - INFO 13412 --- [http-nio-8080-exec-7] com.travle.dreamsky.aop.LogAspect           42 : 请求IP : 0:0:0:0:0:0:0:1
2018-04-04 17:53:02.395 - INFO 13412 --- [http-nio-8080-exec-7] com.travle.dreamsky.aop.LogAspect           43 : 方法 : com.travle.dreamsky.web.UserController.register
2018-04-04 17:53:02.395 - INFO 13412 --- [http-nio-8080-exec-7] com.travle.dreamsky.aop.LogAspect           44 : 参数列表 : [{'userId':'1001','userName':'hello','password':'123','phone':'15596828363'}]
2018-04-04 17:53:02.396 - INFO 13412 --- [http-nio-8080-exec-7] com.travle.dreamsky.web.UserController      37 : 请求入参：{'userId':'1001','userName':'hello','password':'123','phone':'15596828363'}
2018-04-04 17:53:02.397 - INFO 13412 --- [http-nio-8080-exec-7] com.travle.dreamsky.aop.LogAspect           50 : 返回参数 : UserInfo:[
userId:1001,
userName:hello,
password:123,
birthday:null,
sex:null,
phone:15596828363,
address:null]
2018-04-04 17:53:02.548 - INFO 13412 --- [http-nio-8080-exec-8] com.travle.dreamsky.aop.LogAspect           40 : URL : http://localhost:8080/user/register
2018-04-04 17:53:02.549 - INFO 13412 --- [http-nio-8080-exec-8] com.travle.dreamsky.aop.LogAspect           41 : 请求类型 : POST
2018-04-04 17:53:02.549 - INFO 13412 --- [http-nio-8080-exec-8] com.travle.dreamsky.aop.LogAspect           42 : 请求IP : 0:0:0:0:0:0:0:1
2018-04-04 17:53:02.549 - INFO 13412 --- [http-nio-8080-exec-8] com.travle.dreamsky.aop.LogAspect           43 : 方法 : com.travle.dreamsky.web.UserController.register
2018-04-04 17:53:02.549 - INFO 13412 --- [http-nio-8080-exec-8] com.travle.dreamsky.aop.LogAspect           44 : 参数列表 : [{'userId':'1001','userName':'hello','password':'123','phone':'15596828363'}]
2018-04-04 17:53:02.550 - INFO 13412 --- [http-nio-8080-exec-8] com.travle.dreamsky.web.UserController      37 : 请求入参：{'userId':'1001','userName':'hello','password':'123','phone':'15596828363'}
2018-04-04 17:53:02.550 - INFO 13412 --- [http-nio-8080-exec-8] com.travle.dreamsky.aop.LogAspect           50 : 返回参数 : UserInfo:[
userId:1001,
userName:hello,
password:123,
birthday:null,
sex:null,
phone:15596828363,
address:null]
2018-04-04 17:53:02.714 - INFO 13412 --- [http-nio-8080-exec-9] com.travle.dreamsky.aop.LogAspect           40 : URL : http://localhost:8080/user/register
2018-04-04 17:53:02.714 - INFO 13412 --- [http-nio-8080-exec-9] com.travle.dreamsky.aop.LogAspect           41 : 请求类型 : POST
2018-04-04 17:53:02.715 - INFO 13412 --- [http-nio-8080-exec-9] com.travle.dreamsky.aop.LogAspect           42 : 请求IP : 0:0:0:0:0:0:0:1
2018-04-04 17:53:02.715 - INFO 13412 --- [http-nio-8080-exec-9] com.travle.dreamsky.aop.LogAspect           43 : 方法 : com.travle.dreamsky.web.UserController.register
2018-04-04 17:53:02.715 - INFO 13412 --- [http-nio-8080-exec-9] com.travle.dreamsky.aop.LogAspect           44 : 参数列表 : [{'userId':'1001','userName':'hello','password':'123','phone':'15596828363'}]
2018-04-04 17:53:02.715 - INFO 13412 --- [http-nio-8080-exec-9] com.travle.dreamsky.web.UserController      37 : 请求入参：{'userId':'1001','userName':'hello','password':'123','phone':'15596828363'}
2018-04-04 17:53:02.715 - INFO 13412 --- [http-nio-8080-exec-9] com.travle.dreamsky.aop.LogAspect           50 : 返回参数 : UserInfo:[
userId:1001,
userName:hello,
password:123,
birthday:null,
sex:null,
phone:15596828363,
address:null]
2018-04-04 17:53:02.897 - INFO 13412 --- [ttp-nio-8080-exec-10] com.travle.dreamsky.aop.LogAspect           40 : URL : http://localhost:8080/user/register
2018-04-04 17:53:02.898 - INFO 13412 --- [ttp-nio-8080-exec-10] com.travle.dreamsky.aop.LogAspect           41 : 请求类型 : POST
2018-04-04 17:53:02.898 - INFO 13412 --- [ttp-nio-8080-exec-10] com.travle.dreamsky.aop.LogAspect           42 : 请求IP : 0:0:0:0:0:0:0:1
2018-04-04 17:53:02.899 - INFO 13412 --- [ttp-nio-8080-exec-10] com.travle.dreamsky.aop.LogAspect           43 : 方法 : com.travle.dreamsky.web.UserController.register
2018-04-04 17:53:02.899 - INFO 13412 --- [ttp-nio-8080-exec-10] com.travle.dreamsky.aop.LogAspect           44 : 参数列表 : [{'userId':'1001','userName':'hello','password':'123','phone':'15596828363'}]
2018-04-04 17:53:02.899 - INFO 13412 --- [ttp-nio-8080-exec-10] com.travle.dreamsky.web.UserController      37 : 请求入参：{'userId':'1001','userName':'hello','password':'123','phone':'15596828363'}
2018-04-04 17:53:02.900 - INFO 13412 --- [ttp-nio-8080-exec-10] com.travle.dreamsky.aop.LogAspect           50 : 返回参数 : UserInfo:[
userId:1001,
userName:hello,
password:123,
birthday:null,
sex:null,
phone:15596828363,
address:null]
2018-04-04 17:53:03.059 - INFO 13412 --- [http-nio-8080-exec-1] com.travle.dreamsky.aop.LogAspect           40 : URL : http://localhost:8080/user/register
2018-04-04 17:53:03.059 - INFO 13412 --- [http-nio-8080-exec-1] com.travle.dreamsky.aop.LogAspect           41 : 请求类型 : POST
2018-04-04 17:53:03.060 - INFO 13412 --- [http-nio-8080-exec-1] com.travle.dreamsky.aop.LogAspect           42 : 请求IP : 0:0:0:0:0:0:0:1
2018-04-04 17:53:03.060 - INFO 13412 --- [http-nio-8080-exec-1] com.travle.dreamsky.aop.LogAspect           43 : 方法 : com.travle.dreamsky.web.UserController.register
2018-04-04 17:53:03.060 - INFO 13412 --- [http-nio-8080-exec-1] com.travle.dreamsky.aop.LogAspect           44 : 参数列表 : [{'userId':'1001','userName':'hello','password':'123','phone':'15596828363'}]
2018-04-04 17:53:03.060 - INFO 13412 --- [http-nio-8080-exec-1] com.travle.dreamsky.web.UserController      37 : 请求入参：{'userId':'1001','userName':'hello','password':'123','phone':'15596828363'}
2018-04-04 17:53:03.061 - INFO 13412 --- [http-nio-8080-exec-1] com.travle.dreamsky.aop.LogAspect           50 : 返回参数 : UserInfo:[
userId:1001,
userName:hello,
password:123,
birthday:null,
sex:null,
phone:15596828363,
address:null]
2018-04-04 17:53:03.215 - INFO 13412 --- [http-nio-8080-exec-2] com.travle.dreamsky.aop.LogAspect           40 : URL : http://localhost:8080/user/register
2018-04-04 17:53:03.215 - INFO 13412 --- [http-nio-8080-exec-2] com.travle.dreamsky.aop.LogAspect           41 : 请求类型 : POST
2018-04-04 17:53:03.216 - INFO 13412 --- [http-nio-8080-exec-2] com.travle.dreamsky.aop.LogAspect           42 : 请求IP : 0:0:0:0:0:0:0:1
2018-04-04 17:53:03.216 - INFO 13412 --- [http-nio-8080-exec-2] com.travle.dreamsky.aop.LogAspect           43 : 方法 : com.travle.dreamsky.web.UserController.register
2018-04-04 17:53:03.217 - INFO 13412 --- [http-nio-8080-exec-2] com.travle.dreamsky.aop.LogAspect           44 : 参数列表 : [{'userId':'1001','userName':'hello','password':'123','phone':'15596828363'}]
2018-04-04 17:53:03.217 - INFO 13412 --- [http-nio-8080-exec-2] com.travle.dreamsky.web.UserController      37 : 请求入参：{'userId':'1001','userName':'hello','password':'123','phone':'15596828363'}
2018-04-04 17:53:03.217 - INFO 13412 --- [http-nio-8080-exec-2] com.travle.dreamsky.aop.LogAspect           50 : 返回参数 : UserInfo:[
userId:1001,
userName:hello,
password:123,
birthday:null,
sex:null,
phone:15596828363,
address:null]
2018-04-04 17:53:03.453 - INFO 13412 --- [http-nio-8080-exec-3] com.travle.dreamsky.aop.LogAspect           40 : URL : http://localhost:8080/user/register
2018-04-04 17:53:03.453 - INFO 13412 --- [http-nio-8080-exec-3] com.travle.dreamsky.aop.LogAspect           41 : 请求类型 : POST
2018-04-04 17:53:03.454 - INFO 13412 --- [http-nio-8080-exec-3] com.travle.dreamsky.aop.LogAspect           42 : 请求IP : 0:0:0:0:0:0:0:1
2018-04-04 17:53:03.454 - INFO 13412 --- [http-nio-8080-exec-3] com.travle.dreamsky.aop.LogAspect           43 : 方法 : com.travle.dreamsky.web.UserController.register
2018-04-04 17:53:03.454 - INFO 13412 --- [http-nio-8080-exec-3] com.travle.dreamsky.aop.LogAspect           44 : 参数列表 : [{'userId':'1001','userName':'hello','password':'123','phone':'15596828363'}]
2018-04-04 17:53:03.454 - INFO 13412 --- [http-nio-8080-exec-3] com.travle.dreamsky.web.UserController      37 : 请求入参：{'userId':'1001','userName':'hello','password':'123','phone':'15596828363'}
2018-04-04 17:53:03.455 - INFO 13412 --- [http-nio-8080-exec-3] com.travle.dreamsky.aop.LogAspect           50 : 返回参数 : UserInfo:[
userId:1001,
userName:hello,
password:123,
birthday:null,
sex:null,
phone:15596828363,
address:null]
2018-04-04 17:53:03.737 - INFO 13412 --- [http-nio-8080-exec-4] com.travle.dreamsky.aop.LogAspect           40 : URL : http://localhost:8080/user/register
2018-04-04 17:53:03.738 - INFO 13412 --- [http-nio-8080-exec-4] com.travle.dreamsky.aop.LogAspect           41 : 请求类型 : POST
2018-04-04 17:53:03.739 - INFO 13412 --- [http-nio-8080-exec-4] com.travle.dreamsky.aop.LogAspect           42 : 请求IP : 0:0:0:0:0:0:0:1
2018-04-04 17:53:03.739 - INFO 13412 --- [http-nio-8080-exec-4] com.travle.dreamsky.aop.LogAspect           43 : 方法 : com.travle.dreamsky.web.UserController.register
2018-04-04 17:53:03.740 - INFO 13412 --- [http-nio-8080-exec-4] com.travle.dreamsky.aop.LogAspect           44 : 参数列表 : [{'userId':'1001','userName':'hello','password':'123','phone':'15596828363'}]
2018-04-04 17:53:03.740 - INFO 13412 --- [http-nio-8080-exec-4] com.travle.dreamsky.web.UserController      37 : 请求入参：{'userId':'1001','userName':'hello','password':'123','phone':'15596828363'}
2018-04-04 17:53:03.740 - INFO 13412 --- [http-nio-8080-exec-4] com.travle.dreamsky.aop.LogAspect           50 : 返回参数 : UserInfo:[
userId:1001,
userName:hello,
password:123,
birthday:null,
sex:null,
phone:15596828363,
address:null]
2018-04-04 17:53:03.910 - INFO 13412 --- [http-nio-8080-exec-5] com.travle.dreamsky.aop.LogAspect           40 : URL : http://localhost:8080/user/register
2018-04-04 17:53:03.910 - INFO 13412 --- [http-nio-8080-exec-5] com.travle.dreamsky.aop.LogAspect           41 : 请求类型 : POST
2018-04-04 17:53:03.910 - INFO 13412 --- [http-nio-8080-exec-5] com.travle.dreamsky.aop.LogAspect           42 : 请求IP : 0:0:0:0:0:0:0:1
2018-04-04 17:53:03.911 - INFO 13412 --- [http-nio-8080-exec-5] com.travle.dreamsky.aop.LogAspect           43 : 方法 : com.travle.dreamsky.web.UserController.register
2018-04-04 17:53:03.911 - INFO 13412 --- [http-nio-8080-exec-5] com.travle.dreamsky.aop.LogAspect           44 : 参数列表 : [{'userId':'1001','userName':'hello','password':'123','phone':'15596828363'}]
2018-04-04 17:53:03.912 - INFO 13412 --- [http-nio-8080-exec-5] com.travle.dreamsky.web.UserController      37 : 请求入参：{'userId':'1001','userName':'hello','password':'123','phone':'15596828363'}
2018-04-04 17:53:03.912 - INFO 13412 --- [http-nio-8080-exec-5] com.travle.dreamsky.aop.LogAspect           50 : 返回参数 : UserInfo:[
userId:1001,
userName:hello,
password:123,
birthday:null,
sex:null,
phone:15596828363,
address:null]
2018-04-04 17:53:04.105 - INFO 13412 --- [http-nio-8080-exec-6] com.travle.dreamsky.aop.LogAspect           40 : URL : http://localhost:8080/user/register
2018-04-04 17:53:04.105 - INFO 13412 --- [http-nio-8080-exec-6] com.travle.dreamsky.aop.LogAspect           41 : 请求类型 : POST
2018-04-04 17:53:04.105 - INFO 13412 --- [http-nio-8080-exec-6] com.travle.dreamsky.aop.LogAspect           42 : 请求IP : 0:0:0:0:0:0:0:1
2018-04-04 17:53:04.106 - INFO 13412 --- [http-nio-8080-exec-6] com.travle.dreamsky.aop.LogAspect           43 : 方法 : com.travle.dreamsky.web.UserController.register
2018-04-04 17:53:04.106 - INFO 13412 --- [http-nio-8080-exec-6] com.travle.dreamsky.aop.LogAspect           44 : 参数列表 : [{'userId':'1001','userName':'hello','password':'123','phone':'15596828363'}]
2018-04-04 17:53:04.106 - INFO 13412 --- [http-nio-8080-exec-6] com.travle.dreamsky.web.UserController      37 : 请求入参：{'userId':'1001','userName':'hello','password':'123','phone':'15596828363'}
2018-04-04 17:53:04.106 - INFO 13412 --- [http-nio-8080-exec-6] com.travle.dreamsky.aop.LogAspect           50 : 返回参数 : UserInfo:[
userId:1001,
userName:hello,
password:123,
birthday:null,
sex:null,
phone:15596828363,
address:null]
2018-04-04 17:53:04.293 - INFO 13412 --- [http-nio-8080-exec-7] com.travle.dreamsky.aop.LogAspect           40 : URL : http://localhost:8080/user/register
2018-04-04 17:53:04.293 - INFO 13412 --- [http-nio-8080-exec-7] com.travle.dreamsky.aop.LogAspect           41 : 请求类型 : POST
2018-04-04 17:53:04.293 - INFO 13412 --- [http-nio-8080-exec-7] com.travle.dreamsky.aop.LogAspect           42 : 请求IP : 0:0:0:0:0:0:0:1
2018-04-04 17:53:04.294 - INFO 13412 --- [http-nio-8080-exec-7] com.travle.dreamsky.aop.LogAspect           43 : 方法 : com.travle.dreamsky.web.UserController.register
2018-04-04 17:53:04.294 - INFO 13412 --- [http-nio-8080-exec-7] com.travle.dreamsky.aop.LogAspect           44 : 参数列表 : [{'userId':'1001','userName':'hello','password':'123','phone':'15596828363'}]
2018-04-04 17:53:04.295 - INFO 13412 --- [http-nio-8080-exec-7] com.travle.dreamsky.web.UserController      37 : 请求入参：{'userId':'1001','userName':'hello','password':'123','phone':'15596828363'}
2018-04-04 17:53:04.295 - INFO 13412 --- [http-nio-8080-exec-7] com.travle.dreamsky.aop.LogAspect           50 : 返回参数 : UserInfo:[
userId:1001,
userName:hello,
password:123,
birthday:null,
sex:null,
phone:15596828363,
address:null]
2018-04-04 17:53:04.478 - INFO 13412 --- [http-nio-8080-exec-8] com.travle.dreamsky.aop.LogAspect           40 : URL : http://localhost:8080/user/register
2018-04-04 17:53:04.478 - INFO 13412 --- [http-nio-8080-exec-8] com.travle.dreamsky.aop.LogAspect           41 : 请求类型 : POST
2018-04-04 17:53:04.479 - INFO 13412 --- [http-nio-8080-exec-8] com.travle.dreamsky.aop.LogAspect           42 : 请求IP : 0:0:0:0:0:0:0:1
2018-04-04 17:53:04.479 - INFO 13412 --- [http-nio-8080-exec-8] com.travle.dreamsky.aop.LogAspect           43 : 方法 : com.travle.dreamsky.web.UserController.register
2018-04-04 17:53:04.480 - INFO 13412 --- [http-nio-8080-exec-8] com.travle.dreamsky.aop.LogAspect           44 : 参数列表 : [{'userId':'1001','userName':'hello','password':'123','phone':'15596828363'}]
2018-04-04 17:53:04.480 - INFO 13412 --- [http-nio-8080-exec-8] com.travle.dreamsky.web.UserController      37 : 请求入参：{'userId':'1001','userName':'hello','password':'123','phone':'15596828363'}
2018-04-04 17:53:04.480 - INFO 13412 --- [http-nio-8080-exec-8] com.travle.dreamsky.aop.LogAspect           50 : 返回参数 : UserInfo:[
userId:1001,
userName:hello,
password:123,
birthday:null,
sex:null,
phone:15596828363,
address:null]
2018-04-04 17:53:04.650 - INFO 13412 --- [http-nio-8080-exec-9] com.travle.dreamsky.aop.LogAspect           40 : URL : http://localhost:8080/user/register
2018-04-04 17:53:04.650 - INFO 13412 --- [http-nio-8080-exec-9] com.travle.dreamsky.aop.LogAspect           41 : 请求类型 : POST
2018-04-04 17:53:04.650 - INFO 13412 --- [http-nio-8080-exec-9] com.travle.dreamsky.aop.LogAspect           42 : 请求IP : 0:0:0:0:0:0:0:1
2018-04-04 17:53:04.650 - INFO 13412 --- [http-nio-8080-exec-9] com.travle.dreamsky.aop.LogAspect           43 : 方法 : com.travle.dreamsky.web.UserController.register
2018-04-04 17:53:04.651 - INFO 13412 --- [http-nio-8080-exec-9] com.travle.dreamsky.aop.LogAspect           44 : 参数列表 : [{'userId':'1001','userName':'hello','password':'123','phone':'15596828363'}]
2018-04-04 17:53:04.651 - INFO 13412 --- [http-nio-8080-exec-9] com.travle.dreamsky.web.UserController      37 : 请求入参：{'userId':'1001','userName':'hello','password':'123','phone':'15596828363'}
2018-04-04 17:53:04.651 - INFO 13412 --- [http-nio-8080-exec-9] com.travle.dreamsky.aop.LogAspect           50 : 返回参数 : UserInfo:[
userId:1001,
userName:hello,
password:123,
birthday:null,
sex:null,
phone:15596828363,
address:null]
2018-04-04 17:53:04.834 - INFO 13412 --- [ttp-nio-8080-exec-10] com.travle.dreamsky.aop.LogAspect           40 : URL : http://localhost:8080/user/register
2018-04-04 17:53:04.835 - INFO 13412 --- [ttp-nio-8080-exec-10] com.travle.dreamsky.aop.LogAspect           41 : 请求类型 : POST
2018-04-04 17:53:04.836 - INFO 13412 --- [ttp-nio-8080-exec-10] com.travle.dreamsky.aop.LogAspect           42 : 请求IP : 0:0:0:0:0:0:0:1
2018-04-04 17:53:04.836 - INFO 13412 --- [ttp-nio-8080-exec-10] com.travle.dreamsky.aop.LogAspect           43 : 方法 : com.travle.dreamsky.web.UserController.register
2018-04-04 17:53:04.836 - INFO 13412 --- [ttp-nio-8080-exec-10] com.travle.dreamsky.aop.LogAspect           44 : 参数列表 : [{'userId':'1001','userName':'hello','password':'123','phone':'15596828363'}]
2018-04-04 17:53:04.836 - INFO 13412 --- [ttp-nio-8080-exec-10] com.travle.dreamsky.web.UserController      37 : 请求入参：{'userId':'1001','userName':'hello','password':'123','phone':'15596828363'}
2018-04-04 17:53:04.836 - INFO 13412 --- [ttp-nio-8080-exec-10] com.travle.dreamsky.aop.LogAspect           50 : 返回参数 : UserInfo:[
userId:1001,
userName:hello,
password:123,
birthday:null,
sex:null,
phone:15596828363,
address:null]
2018-04-04 17:53:05.006 - INFO 13412 --- [http-nio-8080-exec-1] com.travle.dreamsky.aop.LogAspect           40 : URL : http://localhost:8080/user/register
2018-04-04 17:53:05.007 - INFO 13412 --- [http-nio-8080-exec-1] com.travle.dreamsky.aop.LogAspect           41 : 请求类型 : POST
2018-04-04 17:53:05.007 - INFO 13412 --- [http-nio-8080-exec-1] com.travle.dreamsky.aop.LogAspect           42 : 请求IP : 0:0:0:0:0:0:0:1
2018-04-04 17:53:05.008 - INFO 13412 --- [http-nio-8080-exec-1] com.travle.dreamsky.aop.LogAspect           43 : 方法 : com.travle.dreamsky.web.UserController.register
2018-04-04 17:53:05.008 - INFO 13412 --- [http-nio-8080-exec-1] com.travle.dreamsky.aop.LogAspect           44 : 参数列表 : [{'userId':'1001','userName':'hello','password':'123','phone':'15596828363'}]
2018-04-04 17:53:05.008 - INFO 13412 --- [http-nio-8080-exec-1] com.travle.dreamsky.web.UserController      37 : 请求入参：{'userId':'1001','userName':'hello','password':'123','phone':'15596828363'}
2018-04-04 17:53:05.009 - INFO 13412 --- [http-nio-8080-exec-1] com.travle.dreamsky.aop.LogAspect           50 : 返回参数 : UserInfo:[
userId:1001,
userName:hello,
password:123,
birthday:null,
sex:null,
phone:15596828363,
address:null]
2018-04-04 17:53:05.175 - INFO 13412 --- [http-nio-8080-exec-2] com.travle.dreamsky.aop.LogAspect           40 : URL : http://localhost:8080/user/register
2018-04-04 17:53:05.175 - INFO 13412 --- [http-nio-8080-exec-2] com.travle.dreamsky.aop.LogAspect           41 : 请求类型 : POST
2018-04-04 17:53:05.175 - INFO 13412 --- [http-nio-8080-exec-2] com.travle.dreamsky.aop.LogAspect           42 : 请求IP : 0:0:0:0:0:0:0:1
2018-04-04 17:53:05.175 - INFO 13412 --- [http-nio-8080-exec-2] com.travle.dreamsky.aop.LogAspect           43 : 方法 : com.travle.dreamsky.web.UserController.register
2018-04-04 17:53:05.176 - INFO 13412 --- [http-nio-8080-exec-2] com.travle.dreamsky.aop.LogAspect           44 : 参数列表 : [{'userId':'1001','userName':'hello','password':'123','phone':'15596828363'}]
2018-04-04 17:53:05.176 - INFO 13412 --- [http-nio-8080-exec-2] com.travle.dreamsky.web.UserController      37 : 请求入参：{'userId':'1001','userName':'hello','password':'123','phone':'15596828363'}
2018-04-04 17:53:05.177 - INFO 13412 --- [http-nio-8080-exec-2] com.travle.dreamsky.aop.LogAspect           50 : 返回参数 : UserInfo:[
userId:1001,
userName:hello,
password:123,
birthday:null,
sex:null,
phone:15596828363,
address:null]
2018-04-04 17:53:05.319 - INFO 13412 --- [http-nio-8080-exec-3] com.travle.dreamsky.aop.LogAspect           40 : URL : http://localhost:8080/user/register
2018-04-04 17:53:05.320 - INFO 13412 --- [http-nio-8080-exec-3] com.travle.dreamsky.aop.LogAspect           41 : 请求类型 : POST
2018-04-04 17:53:05.320 - INFO 13412 --- [http-nio-8080-exec-3] com.travle.dreamsky.aop.LogAspect           42 : 请求IP : 0:0:0:0:0:0:0:1
2018-04-04 17:53:05.321 - INFO 13412 --- [http-nio-8080-exec-3] com.travle.dreamsky.aop.LogAspect           43 : 方法 : com.travle.dreamsky.web.UserController.register
2018-04-04 17:53:05.321 - INFO 13412 --- [http-nio-8080-exec-3] com.travle.dreamsky.aop.LogAspect           44 : 参数列表 : [{'userId':'1001','userName':'hello','password':'123','phone':'15596828363'}]
2018-04-04 17:53:05.321 - INFO 13412 --- [http-nio-8080-exec-3] com.travle.dreamsky.web.UserController      37 : 请求入参：{'userId':'1001','userName':'hello','password':'123','phone':'15596828363'}
2018-04-04 17:53:05.322 - INFO 13412 --- [http-nio-8080-exec-3] com.travle.dreamsky.aop.LogAspect           50 : 返回参数 : UserInfo:[
userId:1001,
userName:hello,
password:123,
birthday:null,
sex:null,
phone:15596828363,
address:null]
2018-04-04 17:53:05.518 - INFO 13412 --- [http-nio-8080-exec-4] com.travle.dreamsky.aop.LogAspect           40 : URL : http://localhost:8080/user/register
2018-04-04 17:53:05.518 - INFO 13412 --- [http-nio-8080-exec-4] com.travle.dreamsky.aop.LogAspect           41 : 请求类型 : POST
2018-04-04 17:53:05.519 - INFO 13412 --- [http-nio-8080-exec-4] com.travle.dreamsky.aop.LogAspect           42 : 请求IP : 0:0:0:0:0:0:0:1
2018-04-04 17:53:05.519 - INFO 13412 --- [http-nio-8080-exec-4] com.travle.dreamsky.aop.LogAspect           43 : 方法 : com.travle.dreamsky.web.UserController.register
2018-04-04 17:53:05.519 - INFO 13412 --- [http-nio-8080-exec-4] com.travle.dreamsky.aop.LogAspect           44 : 参数列表 : [{'userId':'1001','userName':'hello','password':'123','phone':'15596828363'}]
2018-04-04 17:53:05.519 - INFO 13412 --- [http-nio-8080-exec-4] com.travle.dreamsky.web.UserController      37 : 请求入参：{'userId':'1001','userName':'hello','password':'123','phone':'15596828363'}
2018-04-04 17:53:05.520 - INFO 13412 --- [http-nio-8080-exec-4] com.travle.dreamsky.aop.LogAspect           50 : 返回参数 : UserInfo:[
userId:1001,
userName:hello,
password:123,
birthday:null,
sex:null,
phone:15596828363,
address:null]
2018-04-04 17:53:05.776 - INFO 13412 --- [http-nio-8080-exec-5] com.travle.dreamsky.aop.LogAspect           40 : URL : http://localhost:8080/user/register
2018-04-04 17:53:05.776 - INFO 13412 --- [http-nio-8080-exec-5] com.travle.dreamsky.aop.LogAspect           41 : 请求类型 : POST
2018-04-04 17:53:05.777 - INFO 13412 --- [http-nio-8080-exec-5] com.travle.dreamsky.aop.LogAspect           42 : 请求IP : 0:0:0:0:0:0:0:1
2018-04-04 17:53:05.777 - INFO 13412 --- [http-nio-8080-exec-5] com.travle.dreamsky.aop.LogAspect           43 : 方法 : com.travle.dreamsky.web.UserController.register
2018-04-04 17:53:05.777 - INFO 13412 --- [http-nio-8080-exec-5] com.travle.dreamsky.aop.LogAspect           44 : 参数列表 : [{'userId':'1001','userName':'hello','password':'123','phone':'15596828363'}]
2018-04-04 17:53:05.777 - INFO 13412 --- [http-nio-8080-exec-5] com.travle.dreamsky.web.UserController      37 : 请求入参：{'userId':'1001','userName':'hello','password':'123','phone':'15596828363'}
2018-04-04 17:53:05.778 - INFO 13412 --- [http-nio-8080-exec-5] com.travle.dreamsky.aop.LogAspect           50 : 返回参数 : UserInfo:[
userId:1001,
userName:hello,
password:123,
birthday:null,
sex:null,
phone:15596828363,
address:null]
2018-04-04 17:53:05.946 - INFO 13412 --- [http-nio-8080-exec-6] com.travle.dreamsky.aop.LogAspect           40 : URL : http://localhost:8080/user/register
2018-04-04 17:53:05.946 - INFO 13412 --- [http-nio-8080-exec-6] com.travle.dreamsky.aop.LogAspect           41 : 请求类型 : POST
2018-04-04 17:53:05.946 - INFO 13412 --- [http-nio-8080-exec-6] com.travle.dreamsky.aop.LogAspect           42 : 请求IP : 0:0:0:0:0:0:0:1
2018-04-04 17:53:05.947 - INFO 13412 --- [http-nio-8080-exec-6] com.travle.dreamsky.aop.LogAspect           43 : 方法 : com.travle.dreamsky.web.UserController.register
2018-04-04 17:53:05.948 - INFO 13412 --- [http-nio-8080-exec-6] com.travle.dreamsky.aop.LogAspect           44 : 参数列表 : [{'userId':'1001','userName':'hello','password':'123','phone':'15596828363'}]
2018-04-04 17:53:05.948 - INFO 13412 --- [http-nio-8080-exec-6] com.travle.dreamsky.web.UserController      37 : 请求入参：{'userId':'1001','userName':'hello','password':'123','phone':'15596828363'}
2018-04-04 17:53:05.949 - INFO 13412 --- [http-nio-8080-exec-6] com.travle.dreamsky.aop.LogAspect           50 : 返回参数 : UserInfo:[
userId:1001,
userName:hello,
password:123,
birthday:null,
sex:null,
phone:15596828363,
address:null]
2018-04-04 17:53:06.113 - INFO 13412 --- [http-nio-8080-exec-7] com.travle.dreamsky.aop.LogAspect           40 : URL : http://localhost:8080/user/register
2018-04-04 17:53:06.114 - INFO 13412 --- [http-nio-8080-exec-7] com.travle.dreamsky.aop.LogAspect           41 : 请求类型 : POST
2018-04-04 17:53:06.115 - INFO 13412 --- [http-nio-8080-exec-7] com.travle.dreamsky.aop.LogAspect           42 : 请求IP : 0:0:0:0:0:0:0:1
2018-04-04 17:53:06.116 - INFO 13412 --- [http-nio-8080-exec-7] com.travle.dreamsky.aop.LogAspect           43 : 方法 : com.travle.dreamsky.web.UserController.register
2018-04-04 17:53:06.116 - INFO 13412 --- [http-nio-8080-exec-7] com.travle.dreamsky.aop.LogAspect           44 : 参数列表 : [{'userId':'1001','userName':'hello','password':'123','phone':'15596828363'}]
2018-04-04 17:53:06.116 - INFO 13412 --- [http-nio-8080-exec-7] com.travle.dreamsky.web.UserController      37 : 请求入参：{'userId':'1001','userName':'hello','password':'123','phone':'15596828363'}
2018-04-04 17:53:06.116 - INFO 13412 --- [http-nio-8080-exec-7] com.travle.dreamsky.aop.LogAspect           50 : 返回参数 : UserInfo:[
userId:1001,
userName:hello,
password:123,
birthday:null,
sex:null,
phone:15596828363,
address:null]
2018-04-04 17:53:06.262 - INFO 13412 --- [http-nio-8080-exec-8] com.travle.dreamsky.aop.LogAspect           40 : URL : http://localhost:8080/user/register
2018-04-04 17:53:06.263 - INFO 13412 --- [http-nio-8080-exec-8] com.travle.dreamsky.aop.LogAspect           41 : 请求类型 : POST
2018-04-04 17:53:06.263 - INFO 13412 --- [http-nio-8080-exec-8] com.travle.dreamsky.aop.LogAspect           42 : 请求IP : 0:0:0:0:0:0:0:1
2018-04-04 17:53:06.263 - INFO 13412 --- [http-nio-8080-exec-8] com.travle.dreamsky.aop.LogAspect           43 : 方法 : com.travle.dreamsky.web.UserController.register
2018-04-04 17:53:06.264 - INFO 13412 --- [http-nio-8080-exec-8] com.travle.dreamsky.aop.LogAspect           44 : 参数列表 : [{'userId':'1001','userName':'hello','password':'123','phone':'15596828363'}]
2018-04-04 17:53:06.264 - INFO 13412 --- [http-nio-8080-exec-8] com.travle.dreamsky.web.UserController      37 : 请求入参：{'userId':'1001','userName':'hello','password':'123','phone':'15596828363'}
2018-04-04 17:53:06.265 - INFO 13412 --- [http-nio-8080-exec-8] com.travle.dreamsky.aop.LogAspect           50 : 返回参数 : UserInfo:[
userId:1001,
userName:hello,
password:123,
birthday:null,
sex:null,
phone:15596828363,
address:null]
2018-04-04 17:53:06.449 - INFO 13412 --- [http-nio-8080-exec-9] com.travle.dreamsky.aop.LogAspect           40 : URL : http://localhost:8080/user/register
2018-04-04 17:53:06.450 - INFO 13412 --- [http-nio-8080-exec-9] com.travle.dreamsky.aop.LogAspect           41 : 请求类型 : POST
2018-04-04 17:53:06.450 - INFO 13412 --- [http-nio-8080-exec-9] com.travle.dreamsky.aop.LogAspect           42 : 请求IP : 0:0:0:0:0:0:0:1
2018-04-04 17:53:06.451 - INFO 13412 --- [http-nio-8080-exec-9] com.travle.dreamsky.aop.LogAspect           43 : 方法 : com.travle.dreamsky.web.UserController.register
2018-04-04 17:53:06.451 - INFO 13412 --- [http-nio-8080-exec-9] com.travle.dreamsky.aop.LogAspect           44 : 参数列表 : [{'userId':'1001','userName':'hello','password':'123','phone':'15596828363'}]
2018-04-04 17:53:06.452 - INFO 13412 --- [http-nio-8080-exec-9] com.travle.dreamsky.web.UserController      37 : 请求入参：{'userId':'1001','userName':'hello','password':'123','phone':'15596828363'}
2018-04-04 17:53:06.452 - INFO 13412 --- [http-nio-8080-exec-9] com.travle.dreamsky.aop.LogAspect           50 : 返回参数 : UserInfo:[
userId:1001,
userName:hello,
password:123,
birthday:null,
sex:null,
phone:15596828363,
address:null]
2018-04-04 17:53:06.600 - INFO 13412 --- [ttp-nio-8080-exec-10] com.travle.dreamsky.aop.LogAspect           40 : URL : http://localhost:8080/user/register
2018-04-04 17:53:06.600 - INFO 13412 --- [ttp-nio-8080-exec-10] com.travle.dreamsky.aop.LogAspect           41 : 请求类型 : POST
2018-04-04 17:53:06.601 - INFO 13412 --- [ttp-nio-8080-exec-10] com.travle.dreamsky.aop.LogAspect           42 : 请求IP : 0:0:0:0:0:0:0:1
2018-04-04 17:53:06.601 - INFO 13412 --- [ttp-nio-8080-exec-10] com.travle.dreamsky.aop.LogAspect           43 : 方法 : com.travle.dreamsky.web.UserController.register
2018-04-04 17:53:06.602 - INFO 13412 --- [ttp-nio-8080-exec-10] com.travle.dreamsky.aop.LogAspect           44 : 参数列表 : [{'userId':'1001','userName':'hello','password':'123','phone':'15596828363'}]
2018-04-04 17:53:06.603 - INFO 13412 --- [ttp-nio-8080-exec-10] com.travle.dreamsky.web.UserController      37 : 请求入参：{'userId':'1001','userName':'hello','password':'123','phone':'15596828363'}
2018-04-04 17:53:06.603 - INFO 13412 --- [ttp-nio-8080-exec-10] com.travle.dreamsky.aop.LogAspect           50 : 返回参数 : UserInfo:[
userId:1001,
userName:hello,
password:123,
birthday:null,
sex:null,
phone:15596828363,
address:null]
2018-04-04 17:53:06.954 - INFO 13412 --- [http-nio-8080-exec-1] com.travle.dreamsky.aop.LogAspect           40 : URL : http://localhost:8080/user/register
2018-04-04 17:53:06.955 - INFO 13412 --- [http-nio-8080-exec-1] com.travle.dreamsky.aop.LogAspect           41 : 请求类型 : POST
2018-04-04 17:53:06.955 - INFO 13412 --- [http-nio-8080-exec-1] com.travle.dreamsky.aop.LogAspect           42 : 请求IP : 0:0:0:0:0:0:0:1
2018-04-04 17:53:06.955 - INFO 13412 --- [http-nio-8080-exec-1] com.travle.dreamsky.aop.LogAspect           43 : 方法 : com.travle.dreamsky.web.UserController.register
2018-04-04 17:53:06.956 - INFO 13412 --- [http-nio-8080-exec-1] com.travle.dreamsky.aop.LogAspect           44 : 参数列表 : [{'userId':'1001','userName':'hello','password':'123','phone':'15596828363'}]
2018-04-04 17:53:06.956 - INFO 13412 --- [http-nio-8080-exec-1] com.travle.dreamsky.web.UserController      37 : 请求入参：{'userId':'1001','userName':'hello','password':'123','phone':'15596828363'}
2018-04-04 17:53:06.957 - INFO 13412 --- [http-nio-8080-exec-1] com.travle.dreamsky.aop.LogAspect           50 : 返回参数 : UserInfo:[
userId:1001,
userName:hello,
password:123,
birthday:null,
sex:null,
phone:15596828363,
address:null]
2018-04-04 17:59:43.089 - INFO 13840 --- [       restartedMain] com.travle.dreamsky.DreamskyApplication     50 : Starting DreamskyApplication on wujianqiang with PID 13840 (E:\java\springboot\dreamSky\target\classes started by Administrator in E:\java\springboot\dreamSky)
2018-04-04 17:59:43.089 - INFO 13840 --- [       restartedMain] com.travle.dreamsky.DreamskyApplication    652 : No active profile set, falling back to default profiles: default
2018-04-04 17:59:50.179 - INFO 13840 --- [       restartedMain] com.travle.dreamsky.DreamskyApplication     59 : Started DreamskyApplication in 7.995 seconds (JVM running for 9.682)
2018-04-04 17:59:56.536 - INFO 13840 --- [http-nio-8080-exec-1] com.travle.dreamsky.aop.LogAspect           40 : URL : http://localhost:8080/user/register
2018-04-04 17:59:56.536 - INFO 13840 --- [http-nio-8080-exec-1] com.travle.dreamsky.aop.LogAspect           41 : 请求类型 : POST
2018-04-04 17:59:56.537 - INFO 13840 --- [http-nio-8080-exec-1] com.travle.dreamsky.aop.LogAspect           42 : 请求IP : 0:0:0:0:0:0:0:1
2018-04-04 17:59:56.539 - INFO 13840 --- [http-nio-8080-exec-1] com.travle.dreamsky.aop.LogAspect           43 : 方法 : com.travle.dreamsky.web.UserController.register
2018-04-04 17:59:56.539 - INFO 13840 --- [http-nio-8080-exec-1] com.travle.dreamsky.aop.LogAspect           44 : 参数列表 : [{'userId':'1001','userName':'hello','password':'123','phone':'15596828363'}]
2018-04-04 17:59:56.543 - INFO 13840 --- [http-nio-8080-exec-1] com.travle.dreamsky.web.UserController      37 : 请求入参：{'userId':'1001','userName':'hello','password':'123','phone':'15596828363'}
2018-04-04 17:59:56.607 - INFO 13840 --- [http-nio-8080-exec-1] com.travle.dreamsky.aop.LogAspect           50 : 返回参数 : UserInfo{userId='1001', userName='hello', passWord='123', birthday=null, sex='null', phone='15596828363', address='null'}
2018-04-04 18:00:39.826 - INFO 13840 --- [http-nio-8080-exec-2] com.travle.dreamsky.aop.LogAspect           40 : URL : http://localhost:8080/user/register
2018-04-04 18:00:39.827 - INFO 13840 --- [http-nio-8080-exec-2] com.travle.dreamsky.aop.LogAspect           41 : 请求类型 : POST
2018-04-04 18:00:39.828 - INFO 13840 --- [http-nio-8080-exec-2] com.travle.dreamsky.aop.LogAspect           42 : 请求IP : 0:0:0:0:0:0:0:1
2018-04-04 18:00:39.828 - INFO 13840 --- [http-nio-8080-exec-2] com.travle.dreamsky.aop.LogAspect           43 : 方法 : com.travle.dreamsky.web.UserController.register
2018-04-04 18:00:39.829 - INFO 13840 --- [http-nio-8080-exec-2] com.travle.dreamsky.aop.LogAspect           44 : 参数列表 : [{'userId':'1001','userName':'hello','password':'123',phone:'15596828363'}]
2018-04-04 18:00:39.829 - INFO 13840 --- [http-nio-8080-exec-2] com.travle.dreamsky.web.UserController      37 : 请求入参：{'userId':'1001','userName':'hello','password':'123',phone:'15596828363'}
2018-04-04 18:00:39.830 - INFO 13840 --- [http-nio-8080-exec-2] com.travle.dreamsky.aop.LogAspect           50 : 返回参数 : UserInfo{userId='1001', userName='hello', passWord='123', birthday=null, sex='null', phone='15596828363', address='null'}
2018-04-04 18:01:01.970 - INFO 13840 --- [http-nio-8080-exec-3] com.travle.dreamsky.aop.LogAspect           40 : URL : http://localhost:8080/user/register
2018-04-04 18:01:01.971 - INFO 13840 --- [http-nio-8080-exec-3] com.travle.dreamsky.aop.LogAspect           41 : 请求类型 : POST
2018-04-04 18:01:01.971 - INFO 13840 --- [http-nio-8080-exec-3] com.travle.dreamsky.aop.LogAspect           42 : 请求IP : 0:0:0:0:0:0:0:1
2018-04-04 18:01:01.972 - INFO 13840 --- [http-nio-8080-exec-3] com.travle.dreamsky.aop.LogAspect           43 : 方法 : com.travle.dreamsky.web.UserController.register
2018-04-04 18:01:01.972 - INFO 13840 --- [http-nio-8080-exec-3] com.travle.dreamsky.aop.LogAspect           44 : 参数列表 : [{'userId':'1001','userName':hello,'password':'123',phone:15596828363}]
2018-04-04 18:01:01.973 - INFO 13840 --- [http-nio-8080-exec-3] com.travle.dreamsky.web.UserController      37 : 请求入参：{'userId':'1001','userName':hello,'password':'123',phone:15596828363}
2018-04-04 18:01:09.159 - INFO 13840 --- [http-nio-8080-exec-4] com.travle.dreamsky.aop.LogAspect           40 : URL : http://localhost:8080/user/register
2018-04-04 18:01:09.160 - INFO 13840 --- [http-nio-8080-exec-4] com.travle.dreamsky.aop.LogAspect           41 : 请求类型 : POST
2018-04-04 18:01:09.161 - INFO 13840 --- [http-nio-8080-exec-4] com.travle.dreamsky.aop.LogAspect           42 : 请求IP : 0:0:0:0:0:0:0:1
2018-04-04 18:01:09.161 - INFO 13840 --- [http-nio-8080-exec-4] com.travle.dreamsky.aop.LogAspect           43 : 方法 : com.travle.dreamsky.web.UserController.register
2018-04-04 18:01:09.161 - INFO 13840 --- [http-nio-8080-exec-4] com.travle.dreamsky.aop.LogAspect           44 : 参数列表 : [{'userId':'1001','userName':'hello','password':'123',phone:'15596828363'}]
2018-04-04 18:01:09.162 - INFO 13840 --- [http-nio-8080-exec-4] com.travle.dreamsky.web.UserController      37 : 请求入参：{'userId':'1001','userName':'hello','password':'123',phone:'15596828363'}
2018-04-04 18:01:09.163 - INFO 13840 --- [http-nio-8080-exec-4] com.travle.dreamsky.aop.LogAspect           50 : 返回参数 : UserInfo{userId='1001', userName='hello', passWord='123', birthday=null, sex='null', phone='15596828363', address='null'}
2018-04-04 18:03:12.297 - INFO 9912 --- [       restartedMain] com.travle.dreamsky.DreamskyApplication     50 : Starting DreamskyApplication on wujianqiang with PID 9912 (E:\java\springboot\dreamSky\target\classes started by Administrator in E:\java\springboot\dreamSky)
2018-04-04 18:03:12.297 - INFO 9912 --- [       restartedMain] com.travle.dreamsky.DreamskyApplication    652 : No active profile set, falling back to default profiles: default
2018-04-04 18:03:19.829 - INFO 9912 --- [       restartedMain] com.travle.dreamsky.DreamskyApplication     59 : Started DreamskyApplication in 8.508 seconds (JVM running for 10.037)
